<?xml version="1.0" encoding="UTF-8"?>
<!-- Generated by org.testng.reporters.JUnitReportReporter -->
<testsuite name="com.BrowserLaunch.FFBrowser" tests="1" time="34.076" ignored="0" failures="0" timestamp="01 Oct 2017 13:44:32 GMT" skipped="0" hostname="DESKTOP-DJ3B8PD" errors="0">
  <testcase name="invokeBrowser" time="34.076" classname="com.BrowserLaunch.FFBrowser"/>
</testsuite> <!-- com.BrowserLaunch.FFBrowser -->
